<?xml version="1.0" encoding="UTF-8"?>
<testsuite name="com.mithu.junit5.AppTest" tests="1" skipped="1" failures="0" errors="0" timestamp="2019-11-28T09:13:59" hostname="mithudas" time="0.0">
  <properties/>
  <testcase name="testIgnoreTest()" classname="com.mithu.junit5.AppTest" time="0.0">
    <skipped/>
  </testcase>
  <system-out><![CDATA[]]></system-out>
  <system-err><![CDATA[]]></system-err>
</testsuite>
